<?xml version="1.0" encoding="UTF-8"?>
<!-- Generated by org.testng.reporters.JUnitReportReporter -->
<testsuite hostname="DESKTOP-FGSNC6I" failures="0" tests="6" name="com.Kodnest.Login.LoginPage" time="23.431" errors="0" timestamp="2025-08-30T11:54:13 IST" skipped="0">
  <testcase classname="com.Kodnest.Login.LoginPage" name="InvalidEmailFormat" time="5.240"/>
  <testcase classname="com.Kodnest.Login.LoginPage" name="IncorrectCredentials" time="4.460"/>
  <testcase classname="com.Kodnest.Login.LoginPage" name="UserNotFound" time="5.718"/>
  <testcase classname="com.Kodnest.Login.LoginPage" name="EmailPasswordFieldBlank" time="2.601"/>
  <testcase classname="com.Kodnest.Login.LoginPage" name="togglePassword" time="3.314"/>
  <testcase classname="com.Kodnest.Login.LoginPage" name="ValidLogin" time="2.098"/>
</testsuite> <!-- com.Kodnest.Login.LoginPage -->
