<?xml version="1.0" encoding="UTF-8"?>
<!-- Generated by org.testng.reporters.JUnitReportReporter -->
<testsuite hostname="DESKTOP-FGSNC6I" failures="0" tests="4" name="com.Kodnest.ForgotPassword.ForgotPassword" time="8.076" errors="0" timestamp="2025-08-11T20:59:28 IST" skipped="0">
  <testcase classname="com.Kodnest.ForgotPassword.ForgotPassword" name="invalidEmailFormat" time="2.212"/>
  <testcase classname="com.Kodnest.ForgotPassword.ForgotPassword" name="emptyField" time="1.796"/>
  <testcase classname="com.Kodnest.ForgotPassword.ForgotPassword" name="invalidUser" time="3.604"/>
  <testcase classname="com.Kodnest.ForgotPassword.ForgotPassword" name="validUser" time="0.464"/>
</testsuite> <!-- com.Kodnest.ForgotPassword.ForgotPassword -->
