<?xml version="1.0" encoding="UTF-8"?>
<!-- Generated by org.testng.reporters.JUnitReportReporter -->
<testsuite hostname="DESKTOP-FGSNC6I" failures="0" tests="4" name="com.Kodnest.ForgotPassword.ForgotPassword" time="10.092" errors="0" timestamp="2025-08-23T22:00:26 IST" skipped="0">
  <testcase classname="com.Kodnest.ForgotPassword.ForgotPassword" name="invalidEmailFormat" time="2.727"/>
  <testcase classname="com.Kodnest.ForgotPassword.ForgotPassword" name="emptyField" time="3.304"/>
  <testcase classname="com.Kodnest.ForgotPassword.ForgotPassword" name="invalidUser" time="3.871"/>
  <testcase classname="com.Kodnest.ForgotPassword.ForgotPassword" name="validUser" time="0.190"/>
</testsuite> <!-- com.Kodnest.ForgotPassword.ForgotPassword -->
