<?xml version="1.0" encoding="UTF-8"?>
<!-- Generated by org.testng.reporters.JUnitReportReporter -->
<testsuite hostname="DESKTOP-FGSNC6I" failures="0" tests="6" name="com.Kodnest.Login.LoginPage" time="12.357" errors="0" timestamp="2025-08-11T20:59:28 IST" skipped="0">
  <testcase classname="com.Kodnest.Login.LoginPage" name="InvalidEmailFormat" time="2.183"/>
  <testcase classname="com.Kodnest.Login.LoginPage" name="IncorrectCredentials" time="4.156"/>
  <testcase classname="com.Kodnest.Login.LoginPage" name="UserNotFound" time="3.170"/>
  <testcase classname="com.Kodnest.Login.LoginPage" name="EmailPasswordFieldBlank" time="1.463"/>
  <testcase classname="com.Kodnest.Login.LoginPage" name="togglePassword" time="1.354"/>
  <testcase classname="com.Kodnest.Login.LoginPage" name="ValidLogin" time="0.031"/>
</testsuite> <!-- com.Kodnest.Login.LoginPage -->
