<?xml version="1.0" encoding="UTF-8"?>
<!-- Generated by org.testng.reporters.JUnitReportReporter -->
<testsuite hostname="DESKTOP-FGSNC6I" failures="0" tests="4" name="com.Kodnest.ForgotPassword.ForgotPassword" time="11.570" errors="0" timestamp="2025-08-30T11:48:07 IST" skipped="0">
  <testcase classname="com.Kodnest.ForgotPassword.ForgotPassword" name="invalidEmailFormat" time="5.199"/>
  <testcase classname="com.Kodnest.ForgotPassword.ForgotPassword" name="emptyField" time="1.679"/>
  <testcase classname="com.Kodnest.ForgotPassword.ForgotPassword" name="invalidUser" time="4.334"/>
  <testcase classname="com.Kodnest.ForgotPassword.ForgotPassword" name="validUser" time="0.358"/>
</testsuite> <!-- com.Kodnest.ForgotPassword.ForgotPassword -->
