<?xml version="1.0" encoding="UTF-8"?>
<!-- Generated by org.testng.reporters.JUnitReportReporter -->
<testsuite hostname="DESKTOP-FGSNC6I" failures="0" tests="12" name="com.Kodnest.Registration.RegistrationTestCases" time="75.178" errors="0" timestamp="2025-08-30T12:00:47 IST" skipped="0">
  <testcase classname="com.Kodnest.Registration.RegistrationTestCases" name="numericValueInNameField" time="7.458"/>
  <testcase classname="com.Kodnest.Registration.RegistrationTestCases" name="specialValueInNameField" time="6.883"/>
  <testcase classname="com.Kodnest.Registration.RegistrationTestCases" name="allFieldBlank" time="4.267"/>
  <testcase classname="com.Kodnest.Registration.RegistrationTestCases" name="invalidFormatedEmailEntry" time="6.909"/>
  <testcase classname="com.Kodnest.Registration.RegistrationTestCases" name="registeredEmailEntry" time="6.178"/>
  <testcase classname="com.Kodnest.Registration.RegistrationTestCases" name="negativePhoneEntry" time="5.899"/>
  <testcase classname="com.Kodnest.Registration.RegistrationTestCases" name="lesserThanTenDigitPhoneAndWhatsappEntry" time="5.984"/>
  <testcase classname="com.Kodnest.Registration.RegistrationTestCases" name="moreThanTenDigitPhoneAndWhatsappEntry" time="6.168"/>
  <testcase classname="com.Kodnest.Registration.RegistrationTestCases" name="graduationYearDropDown" time="6.471"/>
  <testcase classname="com.Kodnest.Registration.RegistrationTestCases" name="languageDropDown" time="6.212"/>
  <testcase classname="com.Kodnest.Registration.RegistrationTestCases" name="nonExistingUserReferralEntry" time="6.351"/>
  <testcase classname="com.Kodnest.Registration.RegistrationTestCases" name="allValidInputs" time="6.398"/>
</testsuite> <!-- com.Kodnest.Registration.RegistrationTestCases -->
